<?xml version="1.0" encoding="UTF-8"?>
<testng-results skipped="0" failed="1" ignored="0" total="1" passed="0">
  <reporter-output>
  </reporter-output>
  <suite name="Default suite" duration-ms="15546" started-at="2019-07-27T18:52:14Z" finished-at="2019-07-27T18:52:30Z">
    <groups>
    </groups>
    <test name="Default test" duration-ms="15546" started-at="2019-07-27T18:52:14Z" finished-at="2019-07-27T18:52:30Z">
      <class name="test.Tester">
        <test-method status="PASS" signature="startingPoint()[pri:0, instance:test.Tester@cb5822]" name="startingPoint" is-config="true" duration-ms="13248" started-at="2019-07-27T18:52:14Z" finished-at="2019-07-27T18:52:27Z">
          <reporter-output>
          </reporter-output>
        </test-method> <!-- startingPoint -->
        <test-method status="FAIL" signature="logInCorrectly()[pri:0, instance:test.Tester@cb5822]" name="logInCorrectly" duration-ms="65" started-at="2019-07-27T18:52:27Z" finished-at="2019-07-27T18:52:27Z">
          <exception class="java.lang.ClassCastException">
            <message>
              <![CDATA[java.util.ArrayList cannot be cast to org.openqa.selenium.WebElement]]>
            </message>
            <full-stacktrace>
              <![CDATA[java.lang.ClassCastException: java.util.ArrayList cannot be cast to org.openqa.selenium.WebElement
at test.Process2.login(Process2.java:22)
at test.Tester.logInCorrectly(Tester.java:25)
at sun.reflect.NativeMethodAccessorImpl.invoke0(Native Method)
at sun.reflect.NativeMethodAccessorImpl.invoke(Unknown Source)
at sun.reflect.DelegatingMethodAccessorImpl.invoke(Unknown Source)
at java.lang.reflect.Method.invoke(Unknown Source)
at org.testng.internal.MethodInvocationHelper.invokeMethod(MethodInvocationHelper.java:124)
at org.testng.internal.Invoker.invokeMethod(Invoker.java:583)
at org.testng.internal.Invoker.invokeTestMethod(Invoker.java:719)
at org.testng.internal.Invoker.invokeTestMethods(Invoker.java:989)
at org.testng.internal.TestMethodWorker.invokeTestMethods(TestMethodWorker.java:125)
at org.testng.internal.TestMethodWorker.run(TestMethodWorker.java:109)
at org.testng.TestRunner.privateRun(TestRunner.java:648)
at org.testng.TestRunner.run(TestRunner.java:505)
at org.testng.SuiteRunner.runTest(SuiteRunner.java:455)
at org.testng.SuiteRunner.runSequentially(SuiteRunner.java:450)
at org.testng.SuiteRunner.privateRun(SuiteRunner.java:415)
at org.testng.SuiteRunner.run(SuiteRunner.java:364)
at org.testng.SuiteRunnerWorker.runSuite(SuiteRunnerWorker.java:52)
at org.testng.SuiteRunnerWorker.run(SuiteRunnerWorker.java:84)
at org.testng.TestNG.runSuitesSequentially(TestNG.java:1208)
at org.testng.TestNG.runSuitesLocally(TestNG.java:1137)
at org.testng.TestNG.runSuites(TestNG.java:1049)
at org.testng.TestNG.run(TestNG.java:1017)
at org.testng.remote.AbstractRemoteTestNG.run(AbstractRemoteTestNG.java:115)
at org.testng.remote.RemoteTestNG.initAndRun(RemoteTestNG.java:251)
at org.testng.remote.RemoteTestNG.main(RemoteTestNG.java:77)
]]>
            </full-stacktrace>
          </exception> <!-- java.lang.ClassCastException -->
          <reporter-output>
          </reporter-output>
        </test-method> <!-- logInCorrectly -->
        <test-method status="PASS" signature="quitBrowser()[pri:0, instance:test.Tester@cb5822]" name="quitBrowser" is-config="true" duration-ms="2189" started-at="2019-07-27T18:52:27Z" finished-at="2019-07-27T18:52:30Z">
          <reporter-output>
          </reporter-output>
        </test-method> <!-- quitBrowser -->
      </class> <!-- test.Tester -->
    </test> <!-- Default test -->
  </suite> <!-- Default suite -->
</testng-results>
